* Starting client
* Connecting to master process on port 6880
* Analyzing classpath: 
  - C:\Users\silva\Documents\PL\Projeto2\TP2\target\classes
  - C:\Users\silva\.m2\repository\junit\junit\4.13.2\junit-4.13.2.jar
  - C:\Users\silva\.m2\repository\org\hamcrest\hamcrest-core\1.3\hamcrest-core-1.3.jar
  - C:\Users\silva\.m2\repository\org\junit\jupiter\junit-jupiter\5.9.3\junit-jupiter-5.9.3.jar
  - C:\Users\silva\.m2\repository\org\junit\jupiter\junit-jupiter-api\5.9.3\junit-jupiter-api-5.9.3.jar
  - C:\Users\silva\.m2\repository\org\opentest4j\opentest4j\1.2.0\opentest4j-1.2.0.jar
  - C:\Users\silva\.m2\repository\org\junit\platform\junit-platform-commons\1.9.3\junit-platform-commons-1.9.3.jar
  - C:\Users\silva\.m2\repository\org\apiguardian\apiguardian-api\1.1.2\apiguardian-api-1.1.2.jar
  - C:\Users\silva\.m2\repository\org\junit\jupiter\junit-jupiter-params\5.9.3\junit-jupiter-params-5.9.3.jar
  - C:\Users\silva\.m2\repository\org\junit\jupiter\junit-jupiter-engine\5.9.3\junit-jupiter-engine-5.9.3.jar
  - C:\Users\silva\.m2\repository\org\junit\platform\junit-platform-engine\1.9.3\junit-platform-engine-1.9.3.jar
* Finished analyzing classpath
* Generating tests for class Main
* Test criteria:
  - Line Coverage
  - Branch Coverage
  - Exception
  - Mutation testing (weak)
  - Method-Output Coverage
  - Top-Level Method Coverage
  - No-Exception Top-Level Method Coverage
  - Context Branch Coverage
* Setting up search algorithm for whole suite generation
[MASTER] 15:36:17.572 [pool-2-thread-1] WARN  TestSuiteSerialization - Cannot load tests because file does not exist: C:\Users\silva\Documents\PL\Projeto2\TP2\.evosuite\evosuite-seeds\Main.seed
* Loaded 0 tests from C:\Users\silva\Documents\PL\Projeto2\TP2\.evosuite\evosuite-seeds\Main.seed
* Total number of test goals: 
  - Line 6
  - Branch 2
  - Exception 0
  - MutationFactory 0
  - Output 0
  - Method 2
  - MethodNoException 2
  - CBranchFitnessFactory 2
* Using seed 1716734175924
* Starting evolution
* Search finished after 34s and 233 generations, 42388 statements, best individual has fitness: 1.8333333333333333
* Writing sequences to pool
[MASTER] 15:36:51.134 [pool-2-thread-1] WARN  TimeController - Phase SEARCH lasted too long, 3 seconds more than allowed.
* Minimizing test suite
[MASTER] 15:36:57.234 [pool-2-thread-1] WARN  CoverageArchive - A solution with a timeout/exception result has been added to the archive. The covered goal was [METHODNOEX] Main.main([Ljava/lang/String;)V
[MASTER] 15:37:00.245 [pool-2-thread-1] WARN  TestSuiteMinimizer - Minimization timeout. Roll back to original test suite
[MASTER] 15:37:00.245 [pool-2-thread-1] WARN  TimeController - Phase MINIMIZATION lasted too long, 1 seconds more than allowed.
* Going to analyze the coverage criteria
* Coverage analysis for criterion LINE
* Coverage of criterion LINE: 83%
* Total number of goals: 6
* Number of covered goals: 5
* Coverage analysis for criterion BRANCH
* Coverage of criterion BRANCH: 100%
* Total number of goals: 2
* Number of covered goals: 2
* Coverage analysis for criterion EXCEPTION
* Coverage of criterion EXCEPTION: 100%
* Total number of goals: 2
* Number of covered goals: 2
* Coverage analysis for criterion WEAKMUTATION
* Coverage of criterion WEAKMUTATION: 100% (no goals)
* Coverage analysis for criterion OUTPUT
* Coverage of criterion OUTPUT: 100% (no goals)
* Coverage analysis for criterion METHOD
* Coverage of criterion METHOD: 100%
* Total number of goals: 2
* Number of covered goals: 2
* Coverage analysis for criterion METHODNOEXCEPTION
* Coverage of criterion METHODNOEXCEPTION: 100%
* Total number of goals: 2
* Number of covered goals: 2
* Coverage analysis for criterion CBRANCH
* Coverage of criterion CBRANCH: 100%
* Total number of goals: 2
* Number of covered goals: 2
* Generated 5 tests with total length 28
* Resulting test suite's coverage: 92% (average coverage for all fitness functions)
* Generating assertions
* Resulting test suite's mutation score: 100%
* Compiling and checking tests
* Writing JUnit test case 'Main_ESTest' to C:\Users\silva\Documents\PL\Projeto2\TP2\.evosuite\tmp_2024_05_26_15_18_55\tests
* Done!

