* Starting client
* Connecting to master process on port 3672
* Analyzing classpath: 
  - C:\Users\silva\Documents\PL\Projeto2\TP1\target\test-classes
  - C:\Users\silva\Documents\PL\Projeto2\TP1\target\classes
  - C:\Users\silva\.m2\repository\junit\junit\4.13.2\junit-4.13.2.jar
  - C:\Users\silva\.m2\repository\org\hamcrest\hamcrest-core\1.3\hamcrest-core-1.3.jar
  - C:\Users\silva\.m2\repository\org\junit\jupiter\junit-jupiter\5.9.3\junit-jupiter-5.9.3.jar
  - C:\Users\silva\.m2\repository\org\junit\jupiter\junit-jupiter-api\5.9.3\junit-jupiter-api-5.9.3.jar
  - C:\Users\silva\.m2\repository\org\opentest4j\opentest4j\1.2.0\opentest4j-1.2.0.jar
  - C:\Users\silva\.m2\repository\org\junit\platform\junit-platform-commons\1.9.3\junit-platform-commons-1.9.3.jar
  - C:\Users\silva\.m2\repository\org\apiguardian\apiguardian-api\1.1.2\apiguardian-api-1.1.2.jar
  - C:\Users\silva\.m2\repository\org\junit\jupiter\junit-jupiter-params\5.9.3\junit-jupiter-params-5.9.3.jar
  - C:\Users\silva\.m2\repository\org\junit\jupiter\junit-jupiter-engine\5.9.3\junit-jupiter-engine-5.9.3.jar
  - C:\Users\silva\.m2\repository\org\junit\platform\junit-platform-engine\1.9.3\junit-platform-engine-1.9.3.jar
* Finished analyzing classpath
* Generating tests for class Model.Transportadoras
* Test criteria:
  - Line Coverage
  - Branch Coverage
  - Exception
  - Mutation testing (weak)
  - Method-Output Coverage
  - Top-Level Method Coverage
  - No-Exception Top-Level Method Coverage
  - Context Branch Coverage
* Setting up search algorithm for whole suite generation
* Loaded 58 tests from C:\Users\silva\Documents\PL\Projeto2\TP1\.evosuite\evosuite-seeds\Model.Transportadoras.seed
* Total number of test goals: 
  - Line 80
  - Branch 53
  - Exception 0
  - MutationFactory 250
  - Output 40
  - Method 21
  - MethodNoException 21
  - CBranchFitnessFactory 53
* Using seed 1716735051906
* Starting evolution
* Search finished after 69s and 859 generations, 289494 statements, best individual has fitness: 4.19999976065017
* Writing sequences to pool
* Minimizing test suite
* Going to analyze the coverage criteria
* Coverage analysis for criterion LINE
* Coverage of criterion LINE: 100%
* Total number of goals: 80
* Number of covered goals: 80
* Coverage analysis for criterion BRANCH
* Coverage of criterion BRANCH: 100%
* Total number of goals: 53
* Number of covered goals: 53
* Coverage analysis for criterion EXCEPTION
* Coverage of criterion EXCEPTION: 100%
* Total number of goals: 4
* Number of covered goals: 4
* Coverage analysis for criterion WEAKMUTATION
* Coverage of criterion WEAKMUTATION: 100%
* Total number of goals: 250
* Number of covered goals: 249
* Coverage analysis for criterion OUTPUT
* Coverage of criterion OUTPUT: 92%
* Total number of goals: 40
* Number of covered goals: 37
* Coverage analysis for criterion METHOD
* Coverage of criterion METHOD: 100%
* Total number of goals: 21
* Number of covered goals: 21
* Coverage analysis for criterion METHODNOEXCEPTION
* Coverage of criterion METHODNOEXCEPTION: 100%
* Total number of goals: 21
* Number of covered goals: 21
* Coverage analysis for criterion CBRANCH
* Coverage of criterion CBRANCH: 100%
* Total number of goals: 53
* Number of covered goals: 53
* Generated 51 tests with total length 149
* Resulting test suite's coverage: 99% (average coverage for all fitness functions)
* Generating assertions
* Resulting test suite's mutation score: 90%
* Compiling and checking tests
* Writing JUnit test case 'Transportadoras_ESTest' to C:\Users\silva\Documents\PL\Projeto2\TP1\.evosuite\tmp_2024_05_26_15_48_40\tests
* Done!

