* Starting client
* Connecting to master process on port 19347
* Analyzing classpath: 
  - C:\Users\silva\Documents\PL\Projeto2\TP1\target\test-classes
  - C:\Users\silva\Documents\PL\Projeto2\TP1\target\classes
  - C:\Users\silva\.m2\repository\junit\junit\4.13.2\junit-4.13.2.jar
  - C:\Users\silva\.m2\repository\org\hamcrest\hamcrest-core\1.3\hamcrest-core-1.3.jar
  - C:\Users\silva\.m2\repository\org\junit\jupiter\junit-jupiter\5.9.3\junit-jupiter-5.9.3.jar
  - C:\Users\silva\.m2\repository\org\junit\jupiter\junit-jupiter-api\5.9.3\junit-jupiter-api-5.9.3.jar
  - C:\Users\silva\.m2\repository\org\opentest4j\opentest4j\1.2.0\opentest4j-1.2.0.jar
  - C:\Users\silva\.m2\repository\org\junit\platform\junit-platform-commons\1.9.3\junit-platform-commons-1.9.3.jar
  - C:\Users\silva\.m2\repository\org\apiguardian\apiguardian-api\1.1.2\apiguardian-api-1.1.2.jar
  - C:\Users\silva\.m2\repository\org\junit\jupiter\junit-jupiter-params\5.9.3\junit-jupiter-params-5.9.3.jar
  - C:\Users\silva\.m2\repository\org\junit\jupiter\junit-jupiter-engine\5.9.3\junit-jupiter-engine-5.9.3.jar
  - C:\Users\silva\.m2\repository\org\junit\platform\junit-platform-engine\1.9.3\junit-platform-engine-1.9.3.jar
* Finished analyzing classpath
* Generating tests for class Controller.ControladorArtigo
* Test criteria:
  - Line Coverage
  - Branch Coverage
  - Exception
  - Mutation testing (weak)
  - Method-Output Coverage
  - Top-Level Method Coverage
  - No-Exception Top-Level Method Coverage
  - Context Branch Coverage
* Setting up search algorithm for whole suite generation
* Loaded 24 tests from C:\Users\silva\Documents\PL\Projeto2\TP1\.evosuite\evosuite-seeds\Controller.ControladorArtigo.seed
* Total number of test goals: 
  - Line 111
  - Branch 29
  - Exception 0
  - MutationFactory 134
  - Output 50
  - Method 5
  - MethodNoException 5
  - CBranchFitnessFactory 29
* Using seed 1716735053066
* Starting evolution
* Search finished after 64s and 735 generations, 136393 statements, best individual has fitness: 276.09948320413434
* Writing sequences to pool
* Minimizing test suite
* Going to analyze the coverage criteria
* Coverage analysis for criterion LINE
* Coverage of criterion LINE: 23%
* Total number of goals: 111
* Number of covered goals: 26
* Coverage analysis for criterion BRANCH
* Coverage of criterion BRANCH: 7%
* Total number of goals: 29
* Number of covered goals: 2
* Coverage analysis for criterion EXCEPTION
* Coverage of criterion EXCEPTION: 100%
* Total number of goals: 8
* Number of covered goals: 8
* Coverage analysis for criterion WEAKMUTATION
* Coverage of criterion WEAKMUTATION: 28%
* Total number of goals: 134
* Number of covered goals: 37
* Coverage analysis for criterion OUTPUT
* Coverage of criterion OUTPUT: 0%
* Total number of goals: 50
* Number of covered goals: 0
* Coverage analysis for criterion METHOD
* Coverage of criterion METHOD: 100%
* Total number of goals: 5
* Number of covered goals: 5
* Coverage analysis for criterion METHODNOEXCEPTION
* Coverage of criterion METHODNOEXCEPTION: 20%
* Total number of goals: 5
* Number of covered goals: 1
* Coverage analysis for criterion CBRANCH
* Coverage of criterion CBRANCH: 7%
* Total number of goals: 29
* Number of covered goals: 2
* Generated 8 tests with total length 30
* Resulting test suite's coverage: 36% (average coverage for all fitness functions)
* Generating assertions
* Resulting test suite's mutation score: 0%
* Compiling and checking tests
* Writing JUnit test case 'ControladorArtigo_ESTest' to C:\Users\silva\Documents\PL\Projeto2\TP1\.evosuite\tmp_2024_05_26_15_48_40\tests
* Done!

