* Starting client
* Connecting to master process on port 13418
* Analyzing classpath: 
  - C:\Users\silva\Documents\PL\Projeto2\TP2\target\classes
  - C:\Users\silva\.m2\repository\junit\junit\4.13.2\junit-4.13.2.jar
  - C:\Users\silva\.m2\repository\org\hamcrest\hamcrest-core\1.3\hamcrest-core-1.3.jar
  - C:\Users\silva\.m2\repository\org\junit\jupiter\junit-jupiter\5.9.3\junit-jupiter-5.9.3.jar
  - C:\Users\silva\.m2\repository\org\junit\jupiter\junit-jupiter-api\5.9.3\junit-jupiter-api-5.9.3.jar
  - C:\Users\silva\.m2\repository\org\opentest4j\opentest4j\1.2.0\opentest4j-1.2.0.jar
  - C:\Users\silva\.m2\repository\org\junit\platform\junit-platform-commons\1.9.3\junit-platform-commons-1.9.3.jar
  - C:\Users\silva\.m2\repository\org\apiguardian\apiguardian-api\1.1.2\apiguardian-api-1.1.2.jar
  - C:\Users\silva\.m2\repository\org\junit\jupiter\junit-jupiter-params\5.9.3\junit-jupiter-params-5.9.3.jar
  - C:\Users\silva\.m2\repository\org\junit\jupiter\junit-jupiter-engine\5.9.3\junit-jupiter-engine-5.9.3.jar
  - C:\Users\silva\.m2\repository\org\junit\platform\junit-platform-engine\1.9.3\junit-platform-engine-1.9.3.jar
* Finished analyzing classpath
* Generating tests for class Fatura
* Test criteria:
  - Line Coverage
  - Branch Coverage
  - Exception
  - Mutation testing (weak)
  - Method-Output Coverage
  - Top-Level Method Coverage
  - No-Exception Top-Level Method Coverage
  - Context Branch Coverage
* Setting up search algorithm for whole suite generation
[MASTER] 15:33:36.408 [pool-2-thread-1] WARN  TestSuiteSerialization - Cannot load tests because file does not exist: C:\Users\silva\Documents\PL\Projeto2\TP2\.evosuite\evosuite-seeds\Fatura.seed
* Loaded 0 tests from C:\Users\silva\Documents\PL\Projeto2\TP2\.evosuite\evosuite-seeds\Fatura.seed
* Total number of test goals: 
  - Line 89
  - Branch 50
  - Exception 0
  - MutationFactory 177
  - Output 61
  - Method 26
  - MethodNoException 26
  - CBranchFitnessFactory 50
* Using seed 1716734014146
* Starting evolution
* Search finished after 49s and 527 generations, 250983 statements, best individual has fitness: 5.125
* Writing sequences to pool
* Minimizing test suite
* Going to analyze the coverage criteria
* Coverage analysis for criterion LINE
* Coverage of criterion LINE: 100%
* Total number of goals: 89
* Number of covered goals: 89
* Coverage analysis for criterion BRANCH
* Coverage of criterion BRANCH: 100%
* Total number of goals: 50
* Number of covered goals: 50
* Coverage analysis for criterion EXCEPTION
* Coverage of criterion EXCEPTION: 100%
* Total number of goals: 7
* Number of covered goals: 7
* Coverage analysis for criterion WEAKMUTATION
* Coverage of criterion WEAKMUTATION: 100%
* Total number of goals: 177
* Number of covered goals: 177
* Coverage analysis for criterion OUTPUT
* Coverage of criterion OUTPUT: 92%
* Total number of goals: 61
* Number of covered goals: 56
* Coverage analysis for criterion METHOD
* Coverage of criterion METHOD: 100%
* Total number of goals: 26
* Number of covered goals: 26
* Coverage analysis for criterion METHODNOEXCEPTION
* Coverage of criterion METHODNOEXCEPTION: 100%
* Total number of goals: 26
* Number of covered goals: 26
* Coverage analysis for criterion CBRANCH
* Coverage of criterion CBRANCH: 100%
* Total number of goals: 50
* Number of covered goals: 50
* Generated 69 tests with total length 243
* Resulting test suite's coverage: 99% (average coverage for all fitness functions)
* Generating assertions
* Resulting test suite's mutation score: 79%
* Compiling and checking tests
* Writing JUnit test case 'Fatura_ESTest' to C:\Users\silva\Documents\PL\Projeto2\TP2\.evosuite\tmp_2024_05_26_15_18_55\tests
* Done!

