* Starting client
* Connecting to master process on port 17204
* Analyzing classpath: 
  - C:\Users\silva\Documents\PL\Projeto2\TP2\target\classes
  - C:\Users\silva\.m2\repository\junit\junit\4.13.2\junit-4.13.2.jar
  - C:\Users\silva\.m2\repository\org\hamcrest\hamcrest-core\1.3\hamcrest-core-1.3.jar
  - C:\Users\silva\.m2\repository\org\junit\jupiter\junit-jupiter\5.9.3\junit-jupiter-5.9.3.jar
  - C:\Users\silva\.m2\repository\org\junit\jupiter\junit-jupiter-api\5.9.3\junit-jupiter-api-5.9.3.jar
  - C:\Users\silva\.m2\repository\org\opentest4j\opentest4j\1.2.0\opentest4j-1.2.0.jar
  - C:\Users\silva\.m2\repository\org\junit\platform\junit-platform-commons\1.9.3\junit-platform-commons-1.9.3.jar
  - C:\Users\silva\.m2\repository\org\apiguardian\apiguardian-api\1.1.2\apiguardian-api-1.1.2.jar
  - C:\Users\silva\.m2\repository\org\junit\jupiter\junit-jupiter-params\5.9.3\junit-jupiter-params-5.9.3.jar
  - C:\Users\silva\.m2\repository\org\junit\jupiter\junit-jupiter-engine\5.9.3\junit-jupiter-engine-5.9.3.jar
  - C:\Users\silva\.m2\repository\org\junit\platform\junit-platform-engine\1.9.3\junit-platform-engine-1.9.3.jar
* Finished analyzing classpath
* Generating tests for class Artigo
* Test criteria:
  - Line Coverage
  - Branch Coverage
  - Exception
  - Mutation testing (weak)
  - Method-Output Coverage
  - Top-Level Method Coverage
  - No-Exception Top-Level Method Coverage
  - Context Branch Coverage
* Setting up search algorithm for whole suite generation
[MASTER] 15:32:16.929 [pool-2-thread-1] WARN  TestSuiteSerialization - Cannot load tests because file does not exist: C:\Users\silva\Documents\PL\Projeto2\TP2\.evosuite\evosuite-seeds\Artigo.seed
* Loaded 0 tests from C:\Users\silva\Documents\PL\Projeto2\TP2\.evosuite\evosuite-seeds\Artigo.seed
* Total number of test goals: 
  - Line 113
  - Branch 62
  - Exception 0
  - MutationFactory 149
  - Output 73
  - Method 33
  - MethodNoException 33
  - CBranchFitnessFactory 62
* Using seed 1716733934102
* Starting evolution
* Search finished after 56s and 475 generations, 181710 statements, best individual has fitness: 52.86666618566218
* Writing sequences to pool
* Minimizing test suite
* Going to analyze the coverage criteria
* Coverage analysis for criterion LINE
* Coverage of criterion LINE: 98%
* Total number of goals: 113
* Number of covered goals: 111
* Coverage analysis for criterion BRANCH
* Coverage of criterion BRANCH: 97%
* Total number of goals: 62
* Number of covered goals: 60
* Coverage analysis for criterion EXCEPTION
* Coverage of criterion EXCEPTION: 100%
* Total number of goals: 4
* Number of covered goals: 4
* Coverage analysis for criterion WEAKMUTATION
* Coverage of criterion WEAKMUTATION: 97%
* Total number of goals: 149
* Number of covered goals: 144
* Coverage analysis for criterion OUTPUT
* Coverage of criterion OUTPUT: 84%
* Total number of goals: 73
* Number of covered goals: 61
* Coverage analysis for criterion METHOD
* Coverage of criterion METHOD: 100%
* Total number of goals: 33
* Number of covered goals: 33
* Coverage analysis for criterion METHODNOEXCEPTION
* Coverage of criterion METHODNOEXCEPTION: 100%
* Total number of goals: 33
* Number of covered goals: 33
* Coverage analysis for criterion CBRANCH
* Coverage of criterion CBRANCH: 47%
* Total number of goals: 62
* Number of covered goals: 29
* Generated 67 tests with total length 240
* Resulting test suite's coverage: 91% (average coverage for all fitness functions)
* Generating assertions
* Resulting test suite's mutation score: 87%
* Compiling and checking tests
* Writing JUnit test case 'Artigo_ESTest' to C:\Users\silva\Documents\PL\Projeto2\TP2\.evosuite\tmp_2024_05_26_15_18_55\tests
* Done!

