* Starting client
* Connecting to master process on port 6457
* Analyzing classpath: 
  - C:\Users\silva\Downloads\trabalhos_POO 2\trabalhos_POO\TP3333\target\test-classes
  - C:\Users\silva\Downloads\trabalhos_POO 2\trabalhos_POO\TP3333\target\classes
  - C:\Users\silva\.m2\repository\org\junit\jupiter\junit-jupiter\5.9.1\junit-jupiter-5.9.1.jar
  - C:\Users\silva\.m2\repository\org\junit\jupiter\junit-jupiter-api\5.9.1\junit-jupiter-api-5.9.1.jar
  - C:\Users\silva\.m2\repository\org\opentest4j\opentest4j\1.2.0\opentest4j-1.2.0.jar
  - C:\Users\silva\.m2\repository\org\junit\platform\junit-platform-commons\1.9.1\junit-platform-commons-1.9.1.jar
  - C:\Users\silva\.m2\repository\org\apiguardian\apiguardian-api\1.1.2\apiguardian-api-1.1.2.jar
  - C:\Users\silva\.m2\repository\org\junit\jupiter\junit-jupiter-params\5.9.1\junit-jupiter-params-5.9.1.jar
  - C:\Users\silva\.m2\repository\org\junit\jupiter\junit-jupiter-engine\5.9.1\junit-jupiter-engine-5.9.1.jar
  - C:\Users\silva\.m2\repository\org\junit\platform\junit-platform-engine\1.9.1\junit-platform-engine-1.9.1.jar
  - C:\Users\silva\.m2\repository\org\mockito\mockito-junit-jupiter\2.19.0\mockito-junit-jupiter-2.19.0.jar
  - C:\Users\silva\.m2\repository\org\mockito\mockito-core\2.19.0\mockito-core-2.19.0.jar
  - C:\Users\silva\.m2\repository\net\bytebuddy\byte-buddy\1.8.10\byte-buddy-1.8.10.jar
  - C:\Users\silva\.m2\repository\net\bytebuddy\byte-buddy-agent\1.8.10\byte-buddy-agent-1.8.10.jar
  - C:\Users\silva\.m2\repository\org\objenesis\objenesis\2.6\objenesis-2.6.jar
  - C:\Users\silva\.m2\repository\net\objecthunter\exp4j\0.4.8\exp4j-0.4.8.jar
  - C:\Users\silva\.m2\repository\org\jetbrains\annotations\24.0.0\annotations-24.0.0.jar
* Finished analyzing classpath
* Generating tests for class impl.MalaItem
* Test criteria:
  - Line Coverage
  - Branch Coverage
  - Exception
  - Mutation testing (weak)
  - Method-Output Coverage
  - Top-Level Method Coverage
  - No-Exception Top-Level Method Coverage
  - Context Branch Coverage
* Setting up search algorithm for whole suite generation
[MASTER] 21:11:42.557 [pool-2-thread-1] WARN  TestSuiteSerialization - Cannot load tests because file does not exist: C:\Users\silva\Downloads\trabalhos_POO 2\trabalhos_POO\TP3333\.evosuite\evosuite-seeds\impl.MalaItem.seed
* Loaded 0 tests from C:\Users\silva\Downloads\trabalhos_POO 2\trabalhos_POO\TP3333\.evosuite\evosuite-seeds\impl.MalaItem.seed
* Total number of test goals: 
  - Line 60
  - Branch 40
  - Exception 0
  - MutationFactory 156
  - Output 33
  - Method 13
  - MethodNoException 13
  - CBranchFitnessFactory 40
* Using seed 1716754300264
* Starting evolution
* Search finished after 178s and 688 generations, 310519 statements, best individual has fitness: 11.61111111111111
* Writing sequences to pool
* Minimizing test suite
[MASTER] 21:15:09.268 [pool-2-thread-1] WARN  TestSuiteMinimizer - Minimization timeout. Roll back to original test suite
* Going to analyze the coverage criteria
* Coverage analysis for criterion LINE
* Coverage of criterion LINE: 100%
* Total number of goals: 60
* Number of covered goals: 60
* Coverage analysis for criterion BRANCH
* Coverage of criterion BRANCH: 98%
* Total number of goals: 40
* Number of covered goals: 39
* Coverage analysis for criterion EXCEPTION
* Coverage of criterion EXCEPTION: 100%
* Total number of goals: 8
* Number of covered goals: 8
* Coverage analysis for criterion WEAKMUTATION
* Coverage of criterion WEAKMUTATION: 97%
* Total number of goals: 156
* Number of covered goals: 152
* Coverage analysis for criterion OUTPUT
* Coverage of criterion OUTPUT: 79%
* Total number of goals: 33
* Number of covered goals: 26
* Coverage analysis for criterion METHOD
* Coverage of criterion METHOD: 100%
* Total number of goals: 13
* Number of covered goals: 13
* Coverage analysis for criterion METHODNOEXCEPTION
* Coverage of criterion METHODNOEXCEPTION: 100%
* Total number of goals: 13
* Number of covered goals: 13
* Coverage analysis for criterion CBRANCH
* Coverage of criterion CBRANCH: 98%
* Total number of goals: 40
* Number of covered goals: 39
* Generated 48 tests with total length 543
* Resulting test suite's coverage: 96% (average coverage for all fitness functions)
* Generating assertions
[MASTER] 21:15:37.662 [pool-2-thread-1] WARN  SimpleMutationAssertionGenerator - Reached maximum time to generate assertions, aborting assertion generation
* Resulting test suite's mutation score: 85%
* Compiling and checking tests
* Writing JUnit test case 'MalaItem_ESTest' to C:\Users\silva\Downloads\trabalhos_POO 2\trabalhos_POO\TP3333\.evosuite\tmp_2024_05_26_21_03_23\tests
* Done!

