* Starting client
* Connecting to master process on port 9531
* Analyzing classpath: 
  - C:\Users\silva\Downloads\trabalhos_POO 2\trabalhos_POO\TP3333\target\test-classes
  - C:\Users\silva\Downloads\trabalhos_POO 2\trabalhos_POO\TP3333\target\classes
  - C:\Users\silva\.m2\repository\org\junit\jupiter\junit-jupiter\5.9.1\junit-jupiter-5.9.1.jar
  - C:\Users\silva\.m2\repository\org\junit\jupiter\junit-jupiter-api\5.9.1\junit-jupiter-api-5.9.1.jar
  - C:\Users\silva\.m2\repository\org\opentest4j\opentest4j\1.2.0\opentest4j-1.2.0.jar
  - C:\Users\silva\.m2\repository\org\junit\platform\junit-platform-commons\1.9.1\junit-platform-commons-1.9.1.jar
  - C:\Users\silva\.m2\repository\org\apiguardian\apiguardian-api\1.1.2\apiguardian-api-1.1.2.jar
  - C:\Users\silva\.m2\repository\org\junit\jupiter\junit-jupiter-params\5.9.1\junit-jupiter-params-5.9.1.jar
  - C:\Users\silva\.m2\repository\org\junit\jupiter\junit-jupiter-engine\5.9.1\junit-jupiter-engine-5.9.1.jar
  - C:\Users\silva\.m2\repository\org\junit\platform\junit-platform-engine\1.9.1\junit-platform-engine-1.9.1.jar
  - C:\Users\silva\.m2\repository\org\mockito\mockito-junit-jupiter\2.19.0\mockito-junit-jupiter-2.19.0.jar
  - C:\Users\silva\.m2\repository\org\mockito\mockito-core\2.19.0\mockito-core-2.19.0.jar
  - C:\Users\silva\.m2\repository\net\bytebuddy\byte-buddy\1.8.10\byte-buddy-1.8.10.jar
  - C:\Users\silva\.m2\repository\net\bytebuddy\byte-buddy-agent\1.8.10\byte-buddy-agent-1.8.10.jar
  - C:\Users\silva\.m2\repository\org\objenesis\objenesis\2.6\objenesis-2.6.jar
  - C:\Users\silva\.m2\repository\net\objecthunter\exp4j\0.4.8\exp4j-0.4.8.jar
  - C:\Users\silva\.m2\repository\org\jetbrains\annotations\24.0.0\annotations-24.0.0.jar
* Finished analyzing classpath
* Generating tests for class com.marketplace.vintage.Vintage
* Test criteria:
  - Line Coverage
  - Branch Coverage
  - Exception
  - Mutation testing (weak)
  - Method-Output Coverage
  - Top-Level Method Coverage
  - No-Exception Top-Level Method Coverage
  - Context Branch Coverage
* Setting up search algorithm for whole suite generation
[MASTER] 21:19:08.317 [pool-2-thread-1] WARN  TestSuiteSerialization - Cannot load tests because file does not exist: C:\Users\silva\Downloads\trabalhos_POO 2\trabalhos_POO\TP3333\.evosuite\evosuite-seeds\com.marketplace.vintage.Vintage.seed
* Loaded 0 tests from C:\Users\silva\Downloads\trabalhos_POO 2\trabalhos_POO\TP3333\.evosuite\evosuite-seeds\com.marketplace.vintage.Vintage.seed
* Total number of test goals: 
  - Line 102
  - Branch 61
  - Exception 0
  - MutationFactory 76
  - Output 136
  - Method 46
  - MethodNoException 46
  - CBranchFitnessFactory 61
* Using seed 1716754744056
* Starting evolution
* Search finished after 131s and 309 generations, 207594 statements, best individual has fitness: 171.48190789473685
* Writing sequences to pool
* Minimizing test suite
* Going to analyze the coverage criteria
* Coverage analysis for criterion LINE
* Coverage of criterion LINE: 70%
* Total number of goals: 102
* Number of covered goals: 71
* Coverage analysis for criterion BRANCH
* Coverage of criterion BRANCH: 84%
* Total number of goals: 61
* Number of covered goals: 51
* Coverage analysis for criterion EXCEPTION
* Coverage of criterion EXCEPTION: 100%
* Total number of goals: 75
* Number of covered goals: 75
* Coverage analysis for criterion WEAKMUTATION
* Coverage of criterion WEAKMUTATION: 74%
* Total number of goals: 76
* Number of covered goals: 56
* Coverage analysis for criterion OUTPUT
* Coverage of criterion OUTPUT: 36%
* Total number of goals: 136
* Number of covered goals: 49
* Coverage analysis for criterion METHOD
* Coverage of criterion METHOD: 100%
* Total number of goals: 46
* Number of covered goals: 46
* Coverage analysis for criterion METHODNOEXCEPTION
* Coverage of criterion METHODNOEXCEPTION: 67%
* Total number of goals: 46
* Number of covered goals: 31
* Coverage analysis for criterion CBRANCH
* Coverage of criterion CBRANCH: 80%
* Total number of goals: 61
* Number of covered goals: 49
* Generated 113 tests with total length 1602
* Resulting test suite's coverage: 76% (average coverage for all fitness functions)
* Generating assertions
* Resulting test suite's mutation score: 36%
* Compiling and checking tests
* Writing JUnit test case 'Vintage_ESTest' to C:\Users\silva\Downloads\trabalhos_POO 2\trabalhos_POO\TP3333\.evosuite\tmp_2024_05_26_21_03_23\tests
* Done!

