* Starting client
* Connecting to master process on port 3220
* Analyzing classpath: 
  - C:\Users\silva\Downloads\trabalhos_POO 2\trabalhos_POO\TP3333\target\test-classes
  - C:\Users\silva\Downloads\trabalhos_POO 2\trabalhos_POO\TP3333\target\classes
  - C:\Users\silva\.m2\repository\org\junit\jupiter\junit-jupiter\5.9.1\junit-jupiter-5.9.1.jar
  - C:\Users\silva\.m2\repository\org\junit\jupiter\junit-jupiter-api\5.9.1\junit-jupiter-api-5.9.1.jar
  - C:\Users\silva\.m2\repository\org\opentest4j\opentest4j\1.2.0\opentest4j-1.2.0.jar
  - C:\Users\silva\.m2\repository\org\junit\platform\junit-platform-commons\1.9.1\junit-platform-commons-1.9.1.jar
  - C:\Users\silva\.m2\repository\org\apiguardian\apiguardian-api\1.1.2\apiguardian-api-1.1.2.jar
  - C:\Users\silva\.m2\repository\org\junit\jupiter\junit-jupiter-params\5.9.1\junit-jupiter-params-5.9.1.jar
  - C:\Users\silva\.m2\repository\org\junit\jupiter\junit-jupiter-engine\5.9.1\junit-jupiter-engine-5.9.1.jar
  - C:\Users\silva\.m2\repository\org\junit\platform\junit-platform-engine\1.9.1\junit-platform-engine-1.9.1.jar
  - C:\Users\silva\.m2\repository\org\mockito\mockito-junit-jupiter\2.19.0\mockito-junit-jupiter-2.19.0.jar
  - C:\Users\silva\.m2\repository\org\mockito\mockito-core\2.19.0\mockito-core-2.19.0.jar
  - C:\Users\silva\.m2\repository\net\bytebuddy\byte-buddy\1.8.10\byte-buddy-1.8.10.jar
  - C:\Users\silva\.m2\repository\net\bytebuddy\byte-buddy-agent\1.8.10\byte-buddy-agent-1.8.10.jar
  - C:\Users\silva\.m2\repository\org\objenesis\objenesis\2.6\objenesis-2.6.jar
  - C:\Users\silva\.m2\repository\net\objecthunter\exp4j\0.4.8\exp4j-0.4.8.jar
  - C:\Users\silva\.m2\repository\org\jetbrains\annotations\24.0.0\annotations-24.0.0.jar
* Finished analyzing classpath
* Generating tests for class com.marketplace.vintage.commands.user.UserRegisterCommand
* Test criteria:
  - Line Coverage
  - Branch Coverage
  - Exception
  - Mutation testing (weak)
  - Method-Output Coverage
  - Top-Level Method Coverage
  - No-Exception Top-Level Method Coverage
  - Context Branch Coverage
* Setting up search algorithm for whole suite generation
[MASTER] 22:05:43.236 [pool-2-thread-1] WARN  TestSuiteSerialization - Cannot load tests because file does not exist: C:\Users\silva\Downloads\trabalhos_POO 2\trabalhos_POO\TP3333\.evosuite\evosuite-seeds\com.marketplace.vintage.commands.user.UserRegisterCommand.seed
* Loaded 0 tests from C:\Users\silva\Downloads\trabalhos_POO 2\trabalhos_POO\TP3333\.evosuite\evosuite-seeds\com.marketplace.vintage.commands.user.UserRegisterCommand.seed
* Total number of test goals: 
  - Line 19
  - Branch 3
  - Exception 0
  - MutationFactory 28
  - Output 2
  - Method 3
  - MethodNoException 3
  - CBranchFitnessFactory 3
* Using seed 1716757538860
* Starting evolution
* Search finished after 31s and 70 generations, 48871 statements, best individual has fitness: 31.958333333333332
* Writing sequences to pool
* Minimizing test suite
* Going to analyze the coverage criteria
* Coverage analysis for criterion LINE
* Coverage of criterion LINE: 63%
* Total number of goals: 19
* Number of covered goals: 12
* Coverage analysis for criterion BRANCH
* Coverage of criterion BRANCH: 100%
* Total number of goals: 3
* Number of covered goals: 3
* Coverage analysis for criterion EXCEPTION
* Coverage of criterion EXCEPTION: 82%
* Total number of goals: 11
* Number of covered goals: 9
* Coverage analysis for criterion WEAKMUTATION
* Coverage of criterion WEAKMUTATION: 4%
* Total number of goals: 28
* Number of covered goals: 1
* Coverage analysis for criterion OUTPUT
* Coverage of criterion OUTPUT: 0%
* Total number of goals: 2
* Number of covered goals: 0
* Coverage analysis for criterion METHOD
* Coverage of criterion METHOD: 100%
* Total number of goals: 3
* Number of covered goals: 3
* Coverage analysis for criterion METHODNOEXCEPTION
* Coverage of criterion METHODNOEXCEPTION: 33%
* Total number of goals: 3
* Number of covered goals: 1
* Coverage analysis for criterion CBRANCH
* Coverage of criterion CBRANCH: 100%
* Total number of goals: 3
* Number of covered goals: 3
* Generated 9 tests with total length 121
* Resulting test suite's coverage: 63% (average coverage for all fitness functions)
* Generating assertions
* Resulting test suite's mutation score: 0%
* Compiling and checking tests
* Writing JUnit test case 'UserRegisterCommand_ESTest' to C:\Users\silva\Downloads\trabalhos_POO 2\trabalhos_POO\TP3333\.evosuite\tmp_2024_05_26_21_03_23\tests
* Done!

