* Starting client
* Connecting to master process on port 7008
* Analyzing classpath: 
  - C:\Users\silva\Downloads\trabalhos_POO 2\trabalhos_POO\TP3333\target\test-classes
  - C:\Users\silva\Downloads\trabalhos_POO 2\trabalhos_POO\TP3333\target\classes
  - C:\Users\silva\.m2\repository\org\junit\jupiter\junit-jupiter\5.9.1\junit-jupiter-5.9.1.jar
  - C:\Users\silva\.m2\repository\org\junit\jupiter\junit-jupiter-api\5.9.1\junit-jupiter-api-5.9.1.jar
  - C:\Users\silva\.m2\repository\org\opentest4j\opentest4j\1.2.0\opentest4j-1.2.0.jar
  - C:\Users\silva\.m2\repository\org\junit\platform\junit-platform-commons\1.9.1\junit-platform-commons-1.9.1.jar
  - C:\Users\silva\.m2\repository\org\apiguardian\apiguardian-api\1.1.2\apiguardian-api-1.1.2.jar
  - C:\Users\silva\.m2\repository\org\junit\jupiter\junit-jupiter-params\5.9.1\junit-jupiter-params-5.9.1.jar
  - C:\Users\silva\.m2\repository\org\junit\jupiter\junit-jupiter-engine\5.9.1\junit-jupiter-engine-5.9.1.jar
  - C:\Users\silva\.m2\repository\org\junit\platform\junit-platform-engine\1.9.1\junit-platform-engine-1.9.1.jar
  - C:\Users\silva\.m2\repository\org\mockito\mockito-junit-jupiter\2.19.0\mockito-junit-jupiter-2.19.0.jar
  - C:\Users\silva\.m2\repository\org\mockito\mockito-core\2.19.0\mockito-core-2.19.0.jar
  - C:\Users\silva\.m2\repository\net\bytebuddy\byte-buddy\1.8.10\byte-buddy-1.8.10.jar
  - C:\Users\silva\.m2\repository\net\bytebuddy\byte-buddy-agent\1.8.10\byte-buddy-agent-1.8.10.jar
  - C:\Users\silva\.m2\repository\org\objenesis\objenesis\2.6\objenesis-2.6.jar
  - C:\Users\silva\.m2\repository\net\objecthunter\exp4j\0.4.8\exp4j-0.4.8.jar
  - C:\Users\silva\.m2\repository\org\jetbrains\annotations\24.0.0\annotations-24.0.0.jar
* Finished analyzing classpath
* Generating tests for class com.marketplace.vintage.stats.StatsManager
* Test criteria:
  - Line Coverage
  - Branch Coverage
  - Exception
  - Mutation testing (weak)
  - Method-Output Coverage
  - Top-Level Method Coverage
  - No-Exception Top-Level Method Coverage
  - Context Branch Coverage
* Setting up search algorithm for whole suite generation
[MASTER] 21:18:43.272 [pool-2-thread-1] WARN  TestSuiteSerialization - Cannot load tests because file does not exist: C:\Users\silva\Downloads\trabalhos_POO 2\trabalhos_POO\TP3333\.evosuite\evosuite-seeds\com.marketplace.vintage.stats.StatsManager.seed
* Loaded 0 tests from C:\Users\silva\Downloads\trabalhos_POO 2\trabalhos_POO\TP3333\.evosuite\evosuite-seeds\com.marketplace.vintage.stats.StatsManager.seed
* Total number of test goals: 
  - Line 40
  - Branch 28
  - Exception 0
  - MutationFactory 19
  - Output 44
  - Method 9
  - MethodNoException 9
  - CBranchFitnessFactory 28
* Using seed 1716754718195
* Starting evolution
* Search finished after 131s and 1530 generations, 896426 statements, best individual has fitness: 56.91964285714286
* Writing sequences to pool
* Minimizing test suite
* Going to analyze the coverage criteria
* Coverage analysis for criterion LINE
* Coverage of criterion LINE: 85%
* Total number of goals: 40
* Number of covered goals: 34
* Coverage analysis for criterion BRANCH
* Coverage of criterion BRANCH: 79%
* Total number of goals: 28
* Number of covered goals: 22
* Coverage analysis for criterion EXCEPTION
* Coverage of criterion EXCEPTION: 100%
* Total number of goals: 15
* Number of covered goals: 15
* Coverage analysis for criterion WEAKMUTATION
* Coverage of criterion WEAKMUTATION: 84%
* Total number of goals: 19
* Number of covered goals: 16
* Coverage analysis for criterion OUTPUT
* Coverage of criterion OUTPUT: 41%
* Total number of goals: 44
* Number of covered goals: 18
* Coverage analysis for criterion METHOD
* Coverage of criterion METHOD: 100%
* Total number of goals: 9
* Number of covered goals: 9
* Coverage analysis for criterion METHODNOEXCEPTION
* Coverage of criterion METHODNOEXCEPTION: 100%
* Total number of goals: 9
* Number of covered goals: 9
* Coverage analysis for criterion CBRANCH
* Coverage of criterion CBRANCH: 79%
* Total number of goals: 28
* Number of covered goals: 22
* Generated 27 tests with total length 410
* Resulting test suite's coverage: 83% (average coverage for all fitness functions)
* Generating assertions
* Resulting test suite's mutation score: 42%
* Compiling and checking tests
* Writing JUnit test case 'StatsManager_ESTest' to C:\Users\silva\Downloads\trabalhos_POO 2\trabalhos_POO\TP3333\.evosuite\tmp_2024_05_26_21_03_23\tests
* Done!

