[MASTER] 15:52:22.511 [pool-2-thread-1] ERROR ClientNodeImpl - Error when generating tests for: Model.Sapatilhas with seed 1716735139921. Configuration id : default
java.lang.IncompatibleClassChangeError: Model.Artigo and Model.Artigo$Avaliação disagree on InnerClasses attribute
	at java.lang.Class.getDeclaringClass0(Native Method) ~[na:1.8.0_402-402]
	at java.lang.Class.getDeclaringClass(Class.java:1235) ~[na:1.8.0_402-402]
	at java.lang.Class.getEnclosingClass(Class.java:1277) ~[na:1.8.0_402-402]
	at org.evosuite.utils.generic.GenericClass.isMissingTypeParameters(GenericClass.java:175) ~[evosuite-master-1.0.6.jar:1.0.6]
	at org.evosuite.utils.generic.GenericClass.addTypeParameters(GenericClass.java:71) ~[evosuite-master-1.0.6.jar:1.0.6]
	at org.evosuite.utils.generic.GenericClass.readObject(GenericClass.java:1740) ~[evosuite-master-1.0.6.jar:1.0.6]
	at sun.reflect.NativeMethodAccessorImpl.invoke0(Native Method) ~[na:1.8.0_402-402]
	at sun.reflect.NativeMethodAccessorImpl.invoke(NativeMethodAccessorImpl.java:62) ~[na:1.8.0_402-402]
	at sun.reflect.DelegatingMethodAccessorImpl.invoke(DelegatingMethodAccessorImpl.java:43) ~[na:1.8.0_402-402]
	at java.lang.reflect.Method.invoke(Method.java:498) ~[na:1.8.0_402-402]
	at java.io.ObjectStreamClass.invokeReadObject(ObjectStreamClass.java:1184) ~[na:1.8.0_402-402]
	at java.io.ObjectInputStream.readSerialData(ObjectInputStream.java:2322) ~[na:1.8.0_402-402]
	at java.io.ObjectInputStream.readOrdinaryObject(ObjectInputStream.java:2213) ~[na:1.8.0_402-402]
	at java.io.ObjectInputStream.readObject0(ObjectInputStream.java:1669) ~[na:1.8.0_402-402]
	at java.io.ObjectInputStream.defaultReadFields(ObjectInputStream.java:2431) ~[na:1.8.0_402-402]
	at java.io.ObjectInputStream.readSerialData(ObjectInputStream.java:2355) ~[na:1.8.0_402-402]
	at java.io.ObjectInputStream.readOrdinaryObject(ObjectInputStream.java:2213) ~[na:1.8.0_402-402]
	at java.io.ObjectInputStream.readObject0(ObjectInputStream.java:1669) ~[na:1.8.0_402-402]
	at java.io.ObjectInputStream.defaultReadFields(ObjectInputStream.java:2431) ~[na:1.8.0_402-402]
	at java.io.ObjectInputStream.readSerialData(ObjectInputStream.java:2355) ~[na:1.8.0_402-402]
	at java.io.ObjectInputStream.readOrdinaryObject(ObjectInputStream.java:2213) ~[na:1.8.0_402-402]
	at java.io.ObjectInputStream.readObject0(ObjectInputStream.java:1669) ~[na:1.8.0_402-402]
	at java.io.ObjectInputStream.readObject(ObjectInputStream.java:503) ~[na:1.8.0_402-402]
	at java.io.ObjectInputStream.readObject(ObjectInputStream.java:461) ~[na:1.8.0_402-402]
	at java.util.ArrayList.readObject(ArrayList.java:799) ~[na:1.8.0_402-402]
	at sun.reflect.GeneratedMethodAccessor1.invoke(Unknown Source) ~[na:na]
	at sun.reflect.DelegatingMethodAccessorImpl.invoke(DelegatingMethodAccessorImpl.java:43) ~[na:1.8.0_402-402]
	at java.lang.reflect.Method.invoke(Method.java:498) ~[na:1.8.0_402-402]
	at java.io.ObjectStreamClass.invokeReadObject(ObjectStreamClass.java:1184) ~[na:1.8.0_402-402]
	at java.io.ObjectInputStream.readSerialData(ObjectInputStream.java:2322) ~[na:1.8.0_402-402]
	at java.io.ObjectInputStream.readOrdinaryObject(ObjectInputStream.java:2213) ~[na:1.8.0_402-402]
	at java.io.ObjectInputStream.readObject0(ObjectInputStream.java:1669) ~[na:1.8.0_402-402]
	at java.io.ObjectInputStream.defaultReadFields(ObjectInputStream.java:2431) ~[na:1.8.0_402-402]
	at java.io.ObjectInputStream.readSerialData(ObjectInputStream.java:2355) ~[na:1.8.0_402-402]
	at java.io.ObjectInputStream.readOrdinaryObject(ObjectInputStream.java:2213) ~[na:1.8.0_402-402]
	at java.io.ObjectInputStream.readObject0(ObjectInputStream.java:1669) ~[na:1.8.0_402-402]
	at java.io.ObjectInputStream.defaultReadFields(ObjectInputStream.java:2431) ~[na:1.8.0_402-402]
	at java.io.ObjectInputStream.defaultReadObject(ObjectInputStream.java:633) ~[na:1.8.0_402-402]
	at org.evosuite.testcase.DefaultTestCase.readObject(DefaultTestCase.java:1131) ~[evosuite-master-1.0.6.jar:1.0.6]
	at sun.reflect.NativeMethodAccessorImpl.invoke0(Native Method) ~[na:1.8.0_402-402]
	at sun.reflect.NativeMethodAccessorImpl.invoke(NativeMethodAccessorImpl.java:62) ~[na:1.8.0_402-402]
	at sun.reflect.DelegatingMethodAccessorImpl.invoke(DelegatingMethodAccessorImpl.java:43) ~[na:1.8.0_402-402]
	at java.lang.reflect.Method.invoke(Method.java:498) ~[na:1.8.0_402-402]
	at java.io.ObjectStreamClass.invokeReadObject(ObjectStreamClass.java:1184) ~[na:1.8.0_402-402]
	at java.io.ObjectInputStream.readSerialData(ObjectInputStream.java:2322) ~[na:1.8.0_402-402]
	at java.io.ObjectInputStream.readOrdinaryObject(ObjectInputStream.java:2213) ~[na:1.8.0_402-402]
	at java.io.ObjectInputStream.readObject0(ObjectInputStream.java:1669) ~[na:1.8.0_402-402]
	at java.io.ObjectInputStream.defaultReadFields(ObjectInputStream.java:2431) ~[na:1.8.0_402-402]
	at java.io.ObjectInputStream.readSerialData(ObjectInputStream.java:2355) ~[na:1.8.0_402-402]
	at java.io.ObjectInputStream.readOrdinaryObject(ObjectInputStream.java:2213) ~[na:1.8.0_402-402]
	at java.io.ObjectInputStream.readObject0(ObjectInputStream.java:1669) ~[na:1.8.0_402-402]
	at java.io.ObjectInputStream.readObject(ObjectInputStream.java:503) ~[na:1.8.0_402-402]
	at java.io.ObjectInputStream.readObject(ObjectInputStream.java:461) ~[na:1.8.0_402-402]
	at org.evosuite.testsuite.TestSuiteSerialization.loadTests(TestSuiteSerialization.java:129) ~[evosuite-master-1.0.6.jar:1.0.6]
	at org.evosuite.testsuite.TestSuiteSerialization.loadTests(TestSuiteSerialization.java:107) ~[evosuite-master-1.0.6.jar:1.0.6]
	at org.evosuite.ga.archive.ArchiveTestChromosomeFactory.<init>(ArchiveTestChromosomeFactory.java:51) ~[evosuite-master-1.0.6.jar:1.0.6]
	at org.evosuite.strategy.PropertiesSuiteGAFactory.getChromosomeFactory(PropertiesSuiteGAFactory.java:98) ~[evosuite-master-1.0.6.jar:1.0.6]
	at org.evosuite.strategy.PropertiesSuiteGAFactory.getSearchAlgorithm(PropertiesSuiteGAFactory.java:266) ~[evosuite-master-1.0.6.jar:1.0.6]
	at org.evosuite.strategy.WholeTestSuiteStrategy.generateTests(WholeTestSuiteStrategy.java:60) ~[evosuite-master-1.0.6.jar:1.0.6]
	at org.evosuite.TestSuiteGenerator.generateTests(TestSuiteGenerator.java:653) ~[evosuite-master-1.0.6.jar:1.0.6]
	at org.evosuite.TestSuiteGenerator.generateTestSuite(TestSuiteGenerator.java:236) ~[evosuite-master-1.0.6.jar:1.0.6]
	at org.evosuite.rmi.service.ClientNodeImpl$1.run(ClientNodeImpl.java:145) ~[evosuite-master-1.0.6.jar:1.0.6]
	at java.util.concurrent.Executors$RunnableAdapter.call(Executors.java:511) [na:1.8.0_402-402]
	at java.util.concurrent.FutureTask.run(FutureTask.java:266) [na:1.8.0_402-402]
	at java.util.concurrent.ThreadPoolExecutor.runWorker(ThreadPoolExecutor.java:1149) [na:1.8.0_402-402]
	at java.util.concurrent.ThreadPoolExecutor$Worker.run(ThreadPoolExecutor.java:624) [na:1.8.0_402-402]
	at java.lang.Thread.run(Thread.java:750) [na:1.8.0_402-402]
