* Starting client
* Connecting to master process on port 2433
* Analyzing classpath: 
  - C:\Users\silva\Documents\PL\Projeto2\TP1\target\test-classes
  - C:\Users\silva\Documents\PL\Projeto2\TP1\target\classes
  - C:\Users\silva\.m2\repository\junit\junit\4.13.2\junit-4.13.2.jar
  - C:\Users\silva\.m2\repository\org\hamcrest\hamcrest-core\1.3\hamcrest-core-1.3.jar
  - C:\Users\silva\.m2\repository\org\junit\jupiter\junit-jupiter\5.9.3\junit-jupiter-5.9.3.jar
  - C:\Users\silva\.m2\repository\org\junit\jupiter\junit-jupiter-api\5.9.3\junit-jupiter-api-5.9.3.jar
  - C:\Users\silva\.m2\repository\org\opentest4j\opentest4j\1.2.0\opentest4j-1.2.0.jar
  - C:\Users\silva\.m2\repository\org\junit\platform\junit-platform-commons\1.9.3\junit-platform-commons-1.9.3.jar
  - C:\Users\silva\.m2\repository\org\apiguardian\apiguardian-api\1.1.2\apiguardian-api-1.1.2.jar
  - C:\Users\silva\.m2\repository\org\junit\jupiter\junit-jupiter-params\5.9.3\junit-jupiter-params-5.9.3.jar
  - C:\Users\silva\.m2\repository\org\junit\jupiter\junit-jupiter-engine\5.9.3\junit-jupiter-engine-5.9.3.jar
  - C:\Users\silva\.m2\repository\org\junit\platform\junit-platform-engine\1.9.3\junit-platform-engine-1.9.3.jar
* Finished analyzing classpath
* Generating tests for class Controller.ControladorEncomenda
* Test criteria:
  - Line Coverage
  - Branch Coverage
  - Exception
  - Mutation testing (weak)
  - Method-Output Coverage
  - Top-Level Method Coverage
  - No-Exception Top-Level Method Coverage
  - Context Branch Coverage
* Setting up search algorithm for whole suite generation
* Loaded 25 tests from C:\Users\silva\Documents\PL\Projeto2\TP1\.evosuite\evosuite-seeds\Controller.ControladorEncomenda.seed
* Total number of test goals: 
  - Line 87
  - Branch 56
  - Exception 0
  - MutationFactory 188
  - Output 12
  - Method 6
  - MethodNoException 6
  - CBranchFitnessFactory 56
* Using seed 1716734940875
* Starting evolution
* Search finished after 86s and 800 generations, 262749 statements, best individual has fitness: 271.6061320754717
* Writing sequences to pool
* Minimizing test suite
* Going to analyze the coverage criteria
* Coverage analysis for criterion LINE
* Coverage of criterion LINE: 40%
* Total number of goals: 87
* Number of covered goals: 35
* Coverage analysis for criterion BRANCH
* Coverage of criterion BRANCH: 43%
* Total number of goals: 56
* Number of covered goals: 24
* Coverage analysis for criterion EXCEPTION
* Coverage of criterion EXCEPTION: 100%
* Total number of goals: 7
* Number of covered goals: 7
* Coverage analysis for criterion WEAKMUTATION
* Coverage of criterion WEAKMUTATION: 35%
* Total number of goals: 188
* Number of covered goals: 65
* Coverage analysis for criterion OUTPUT
* Coverage of criterion OUTPUT: 25%
* Total number of goals: 12
* Number of covered goals: 3
* Coverage analysis for criterion METHOD
* Coverage of criterion METHOD: 100%
* Total number of goals: 6
* Number of covered goals: 6
* Coverage analysis for criterion METHODNOEXCEPTION
* Coverage of criterion METHODNOEXCEPTION: 100%
* Total number of goals: 6
* Number of covered goals: 6
* Coverage analysis for criterion CBRANCH
* Coverage of criterion CBRANCH: 43%
* Total number of goals: 56
* Number of covered goals: 24
* Generated 14 tests with total length 68
* Resulting test suite's coverage: 61% (average coverage for all fitness functions)
* Generating assertions
* Resulting test suite's mutation score: 16%
* Compiling and checking tests
* Writing JUnit test case 'ControladorEncomenda_ESTest' to C:\Users\silva\Documents\PL\Projeto2\TP1\.evosuite\tmp_2024_05_26_15_48_40\tests
* Done!

